# JRE version: OpenJDK Runtime Environment (17.0.11) (build 17.0.11+0--11852314)
# Java VM: OpenJDK 64-Bit Server VM (17.0.11+0--11852314, mixed mode, tiered, compressed oops, compressed class ptrs, g1 gc, windows-amd64)
GC Precious Log:
 CPUs: 4 total, 4 available
 Memory: 9678M
 Large Page Support: Disabled
 NUMA Support: Disabled
 Compressed Oops: Enabled (32-bit)
 Heap Region Size: 1M
 Heap Min Capacity: 8M
 Heap Initial Capacity: 152M
 Heap Max Capacity: 2G
 Pre-touch: Disabled
 Parallel Workers: 4
 Concurrent Workers: 1
 Concurrent Refinement Workers: 4
 Periodic GC: Disabled
Heap:
 garbage-first heap   total 286720K, used 245522K [0x0000000080000000, 0x0000000100000000)
  region size 1024K, 3 young (3072K), 2 survivors (2048K)
 Metaspace       used 185444K, committed 186368K, reserved 1245184K
  class space    used 23882K, committed 24320K, reserved 1048576K
GC Heap History (20 events):
Event: 76.874 GC heap before
{Heap before GC invocations=88 (full 0):
 garbage-first heap   total 286720K, used 254969K [0x0000000080000000, 0x0000000100000000)
  region size 1024K, 23 young (23552K), 1 survivors (1024K)
 Metaspace       used 175360K, committed 176320K, reserved 1245184K
  class space    used 22708K, committed 23168K, reserved 1048576K
}
Event: 76.877 GC heap after
{Heap after GC invocations=89 (full 0):
 garbage-first heap   total 286720K, used 232467K [0x0000000080000000, 0x0000000100000000)
  region size 1024K, 1 young (1024K), 1 survivors (1024K)
 Metaspace       used 175360K, committed 176320K, reserved 1245184K
  class space    used 22708K, committed 23168K, reserved 1048576K
}
Event: 77.307 GC heap before
{Heap before GC invocations=89 (full 0):
 garbage-first heap   total 286720K, used 254995K [0x0000000080000000, 0x0000000100000000)
  region size 1024K, 24 young (24576K), 1 survivors (1024K)
 Metaspace       used 176403K, committed 177344K, reserved 1245184K
  class space    used 22830K, committed 23296K, reserved 1048576K
}
Event: 77.312 GC heap after
{Heap after GC invocations=90 (full 0):
 garbage-first heap   total 286720K, used 230975K [0x0000000080000000, 0x0000000100000000)
  region size 1024K, 2 young (2048K), 2 survivors (2048K)
 Metaspace       used 176403K, committed 177344K, reserved 1245184K
  class space    used 22830K, committed 23296K, reserved 1048576K
}
Event: 78.016 GC heap before
{Heap before GC invocations=90 (full 0):
 garbage-first heap   total 286720K, used 253503K [0x0000000080000000, 0x0000000100000000)
  region size 1024K, 25 young (25600K), 2 survivors (2048K)
 Metaspace       used 179492K, committed 180416K, reserved 1245184K
  class space    used 23177K, committed 23616K, reserved 1048576K
}
Event: 78.025 GC heap after
{Heap after GC invocations=91 (full 0):
 garbage-first heap   total 286720K, used 232911K [0x0000000080000000, 0x0000000100000000)
  region size 1024K, 4 young (4096K), 4 survivors (4096K)
 Metaspace       used 179492K, committed 180416K, reserved 1245184K
  class space    used 23177K, committed 23616K, reserved 1048576K
}
Event: 78.689 GC heap before
{Heap before GC invocations=91 (full 0):
 garbage-first heap   total 286720K, used 251343K [0x0000000080000000, 0x0000000100000000)
  region size 1024K, 23 young (23552K), 4 survivors (4096K)
 Metaspace       used 183033K, committed 184000K, reserved 1245184K
  class space    used 23662K, committed 24128K, reserved 1048576K
}
Event: 78.697 GC heap after
{Heap after GC invocations=92 (full 0):
 garbage-first heap   total 286720K, used 235115K [0x0000000080000000, 0x0000000100000000)
  region size 1024K, 3 young (3072K), 3 survivors (3072K)
 Metaspace       used 183033K, committed 184000K, reserved 1245184K
  class space    used 23662K, committed 24128K, reserved 1048576K
}
Event: 79.457 GC heap before
{Heap before GC invocations=92 (full 0):
 garbage-first heap   total 286720K, used 252523K [0x0000000080000000, 0x0000000100000000)
  region size 1024K, 20 young (20480K), 3 survivors (3072K)
 Metaspace       used 184721K, committed 185728K, reserved 1245184K
  class space    used 23832K, committed 24320K, reserved 1048576K
}
Event: 79.467 GC heap after
{Heap after GC invocations=93 (full 0):
 garbage-first heap   total 286720K, used 238432K [0x0000000080000000, 0x0000000100000000)
  region size 1024K, 3 young (3072K), 3 survivors (3072K)
 Metaspace       used 184721K, committed 185728K, reserved 1245184K
  class space    used 23832K, committed 24320K, reserved 1048576K
}
Event: 80.699 GC heap before
{Heap before GC invocations=93 (full 0):
 garbage-first heap   total 286720K, used 250720K [0x0000000080000000, 0x0000000100000000)
  region size 1024K, 16 young (16384K), 3 survivors (3072K)
 Metaspace       used 185177K, committed 186176K, reserved 1245184K
  class space    used 23869K, committed 24320K, reserved 1048576K
}
Event: 80.714 GC heap after
{Heap after GC invocations=94 (full 0):
 garbage-first heap   total 286720K, used 241537K [0x0000000080000000, 0x0000000100000000)
  region size 1024K, 2 young (2048K), 2 survivors (2048K)
 Metaspace       used 185177K, committed 186176K, reserved 1245184K
  class space    used 23869K, committed 24320K, reserved 1048576K
}
Event: 81.847 GC heap before
{Heap before GC invocations=94 (full 0):
 garbage-first heap   total 286720K, used 253825K [0x0000000080000000, 0x0000000100000000)
  region size 1024K, 14 young (14336K), 2 survivors (2048K)
 Metaspace       used 185356K, committed 186304K, reserved 1245184K
  class space    used 23881K, committed 24320K, reserved 1048576K
}
Event: 81.855 GC heap after
{Heap after GC invocations=95 (full 0):
 garbage-first heap   total 286720K, used 243184K [0x0000000080000000, 0x0000000100000000)
  region size 1024K, 2 young (2048K), 2 survivors (2048K)
 Metaspace       used 185356K, committed 186304K, reserved 1245184K
  class space    used 23881K, committed 24320K, reserved 1048576K
}
Event: 82.555 GC heap before
{Heap before GC invocations=95 (full 0):
 garbage-first heap   total 286720K, used 254448K [0x0000000080000000, 0x0000000100000000)
  region size 1024K, 14 young (14336K), 2 survivors (2048K)
 Metaspace       used 185374K, committed 186304K, reserved 1245184K
  class space    used 23881K, committed 24320K, reserved 1048576K
}
Event: 82.561 GC heap after
{Heap after GC invocations=96 (full 0):
 garbage-first heap   total 286720K, used 243678K [0x0000000080000000, 0x0000000100000000)
  region size 1024K, 2 young (2048K), 2 survivors (2048K)
 Metaspace       used 185374K, committed 186304K, reserved 1245184K
  class space    used 23881K, committed 24320K, reserved 1048576K
}
Event: 83.399 GC heap before
{Heap before GC invocations=96 (full 0):
 garbage-first heap   total 286720K, used 254942K [0x0000000080000000, 0x0000000100000000)
  region size 1024K, 14 young (14336K), 2 survivors (2048K)
 Metaspace       used 185431K, committed 186368K, reserved 1245184K
  class space    used 23881K, committed 24320K, reserved 1048576K
}
Event: 83.405 GC heap after
{Heap after GC invocations=97 (full 0):
 garbage-first heap   total 286720K, used 244115K [0x0000000080000000, 0x0000000100000000)
  region size 1024K, 2 young (2048K), 2 survivors (2048K)
 Metaspace       used 185431K, committed 186368K, reserved 1245184K
  class space    used 23881K, committed 24320K, reserved 1048576K
}
Event: 84.033 GC heap before
{Heap before GC invocations=97 (full 0):
 garbage-first heap   total 286720K, used 256403K [0x0000000080000000, 0x0000000100000000)
  region size 1024K, 14 young (14336K), 2 survivors (2048K)
 Metaspace       used 185443K, committed 186368K, reserved 1245184K
  class space    used 23882K, committed 24320K, reserved 1048576K
}
Event: 84.038 GC heap after
{Heap after GC invocations=98 (full 0):
 garbage-first heap   total 286720K, used 244640K [0x0000000080000000, 0x0000000100000000)
  region size 1024K, 2 young (2048K), 2 survivors (2048K)
 Metaspace       used 185443K, committed 186368K, reserved 1245184K
  class space    used 23882K, committed 24320K, reserved 1048576K
}

