# JRE version: OpenJDK Runtime Environment (17.0.11) (build 17.0.11+0--11852314)
# Java VM: OpenJDK 64-Bit Server VM (17.0.11+0--11852314, mixed mode, tiered, compressed oops, compressed class ptrs, g1 gc, windows-amd64)
GC Precious Log:
 CPUs: 4 total, 4 available
 Memory: 9678M
 Large Page Support: Disabled
 NUMA Support: Disabled
 Compressed Oops: Enabled (32-bit)
 Heap Region Size: 1M
 Heap Min Capacity: 8M
 Heap Initial Capacity: 152M
 Heap Max Capacity: 2G
 Pre-touch: Disabled
 Parallel Workers: 4
 Concurrent Workers: 1
 Concurrent Refinement Workers: 4
 Periodic GC: Disabled
Heap:
 garbage-first heap   total 384000K, used 269634K [0x0000000080000000, 0x0000000100000000)
  region size 1024K, 34 young (34816K), 8 survivors (8192K)
 Metaspace       used 193194K, committed 194112K, reserved 1245184K
  class space    used 24799K, committed 25216K, reserved 1048576K
GC Heap History (20 events):
Event: 39.682 GC heap before
{Heap before GC invocations=50 (full 0):
 garbage-first heap   total 384000K, used 322498K [0x0000000080000000, 0x0000000100000000)
  region size 1024K, 126 young (129024K), 18 survivors (18432K)
 Metaspace       used 178924K, committed 179904K, reserved 1245184K
  class space    used 22933K, committed 23360K, reserved 1048576K
}
Event: 39.705 GC heap after
{Heap after GC invocations=51 (full 0):
 garbage-first heap   total 384000K, used 215157K [0x0000000080000000, 0x0000000100000000)
  region size 1024K, 6 young (6144K), 6 survivors (6144K)
 Metaspace       used 178924K, committed 179904K, reserved 1245184K
  class space    used 22933K, committed 23360K, reserved 1048576K
}
Event: 40.874 GC heap before
{Heap before GC invocations=51 (full 0):
 garbage-first heap   total 384000K, used 323701K [0x0000000080000000, 0x0000000100000000)
  region size 1024K, 112 young (114688K), 6 survivors (6144K)
 Metaspace       used 178926K, committed 179904K, reserved 1245184K
  class space    used 22933K, committed 23360K, reserved 1048576K
}
Event: 40.883 GC heap after
{Heap after GC invocations=52 (full 0):
 garbage-first heap   total 384000K, used 217703K [0x0000000080000000, 0x0000000100000000)
  region size 1024K, 8 young (8192K), 8 survivors (8192K)
 Metaspace       used 178926K, committed 179904K, reserved 1245184K
  class space    used 22933K, committed 23360K, reserved 1048576K
}
Event: 42.294 GC heap before
{Heap before GC invocations=52 (full 0):
 garbage-first heap   total 384000K, used 325223K [0x0000000080000000, 0x0000000100000000)
  region size 1024K, 113 young (115712K), 8 survivors (8192K)
 Metaspace       used 178926K, committed 179904K, reserved 1245184K
  class space    used 22933K, committed 23360K, reserved 1048576K
}
Event: 42.305 GC heap after
{Heap after GC invocations=53 (full 0):
 garbage-first heap   total 384000K, used 220493K [0x0000000080000000, 0x0000000100000000)
  region size 1024K, 11 young (11264K), 11 survivors (11264K)
 Metaspace       used 178926K, committed 179904K, reserved 1245184K
  class space    used 22933K, committed 23360K, reserved 1048576K
}
Event: 43.241 GC heap before
{Heap before GC invocations=53 (full 0):
 garbage-first heap   total 384000K, used 325965K [0x0000000080000000, 0x0000000100000000)
  region size 1024K, 114 young (116736K), 11 survivors (11264K)
 Metaspace       used 178926K, committed 179904K, reserved 1245184K
  class space    used 22933K, committed 23360K, reserved 1048576K
}
Event: 43.254 GC heap after
{Heap after GC invocations=54 (full 0):
 garbage-first heap   total 384000K, used 224343K [0x0000000080000000, 0x0000000100000000)
  region size 1024K, 10 young (10240K), 10 survivors (10240K)
 Metaspace       used 178926K, committed 179904K, reserved 1245184K
  class space    used 22933K, committed 23360K, reserved 1048576K
}
Event: 44.099 GC heap before
{Heap before GC invocations=54 (full 0):
 garbage-first heap   total 384000K, used 326743K [0x0000000080000000, 0x0000000100000000)
  region size 1024K, 110 young (112640K), 10 survivors (10240K)
 Metaspace       used 178926K, committed 179904K, reserved 1245184K
  class space    used 22933K, committed 23360K, reserved 1048576K
}
Event: 44.124 GC heap after
{Heap after GC invocations=55 (full 0):
 garbage-first heap   total 384000K, used 226343K [0x0000000080000000, 0x0000000100000000)
  region size 1024K, 8 young (8192K), 8 survivors (8192K)
 Metaspace       used 178926K, committed 179904K, reserved 1245184K
  class space    used 22933K, committed 23360K, reserved 1048576K
}
Event: 44.951 GC heap before
{Heap before GC invocations=55 (full 0):
 garbage-first heap   total 384000K, used 326695K [0x0000000080000000, 0x0000000100000000)
  region size 1024K, 106 young (108544K), 8 survivors (8192K)
 Metaspace       used 178926K, committed 179904K, reserved 1245184K
  class space    used 22933K, committed 23360K, reserved 1048576K
}
Event: 44.985 GC heap after
{Heap after GC invocations=56 (full 0):
 garbage-first heap   total 384000K, used 229550K [0x0000000080000000, 0x0000000100000000)
  region size 1024K, 8 young (8192K), 8 survivors (8192K)
 Metaspace       used 178926K, committed 179904K, reserved 1245184K
  class space    used 22933K, committed 23360K, reserved 1048576K
}
Event: 45.861 GC heap before
{Heap before GC invocations=56 (full 0):
 garbage-first heap   total 384000K, used 327854K [0x0000000080000000, 0x0000000100000000)
  region size 1024K, 104 young (106496K), 8 survivors (8192K)
 Metaspace       used 178926K, committed 179904K, reserved 1245184K
  class space    used 22933K, committed 23360K, reserved 1048576K
}
Event: 45.872 GC heap after
{Heap after GC invocations=57 (full 0):
 garbage-first heap   total 384000K, used 232277K [0x0000000080000000, 0x0000000100000000)
  region size 1024K, 8 young (8192K), 8 survivors (8192K)
 Metaspace       used 178926K, committed 179904K, reserved 1245184K
  class space    used 22933K, committed 23360K, reserved 1048576K
}
Event: 48.058 GC heap before
{Heap before GC invocations=57 (full 0):
 garbage-first heap   total 384000K, used 338773K [0x0000000080000000, 0x0000000100000000)
  region size 1024K, 103 young (105472K), 8 survivors (8192K)
 Metaspace       used 182909K, committed 183872K, reserved 1245184K
  class space    used 23363K, committed 23808K, reserved 1048576K
}
Event: 48.081 GC heap after
{Heap after GC invocations=58 (full 0):
 garbage-first heap   total 384000K, used 235321K [0x0000000080000000, 0x0000000100000000)
  region size 1024K, 8 young (8192K), 8 survivors (8192K)
 Metaspace       used 182909K, committed 183872K, reserved 1245184K
  class space    used 23363K, committed 23808K, reserved 1048576K
}
Event: 50.072 GC heap before
{Heap before GC invocations=58 (full 0):
 garbage-first heap   total 384000K, used 326457K [0x0000000080000000, 0x0000000100000000)
  region size 1024K, 98 young (100352K), 8 survivors (8192K)
 Metaspace       used 190931K, committed 191872K, reserved 1245184K
  class space    used 24473K, committed 24896K, reserved 1048576K
}
Event: 50.092 GC heap after
{Heap after GC invocations=59 (full 0):
 garbage-first heap   total 384000K, used 239101K [0x0000000080000000, 0x0000000100000000)
  region size 1024K, 10 young (10240K), 10 survivors (10240K)
 Metaspace       used 190931K, committed 191872K, reserved 1245184K
  class space    used 24473K, committed 24896K, reserved 1048576K
}
Event: 54.552 GC heap before
{Heap before GC invocations=59 (full 0):
 garbage-first heap   total 384000K, used 330237K [0x0000000080000000, 0x0000000100000000)
  region size 1024K, 97 young (99328K), 10 survivors (10240K)
 Metaspace       used 193178K, committed 194112K, reserved 1245184K
  class space    used 24798K, committed 25216K, reserved 1048576K
}
Event: 54.572 GC heap after
{Heap after GC invocations=60 (full 0):
 garbage-first heap   total 384000K, used 245058K [0x0000000080000000, 0x0000000100000000)
  region size 1024K, 8 young (8192K), 8 survivors (8192K)
 Metaspace       used 193178K, committed 194112K, reserved 1245184K
  class space    used 24798K, committed 25216K, reserved 1048576K
}

